Base path: 'C:/Program Files/Unity/Hub/Editor/2022.3.25f1/Editor/Data', plugins path 'C:/Program Files/Unity/Hub/Editor/2022.3.25f1/Editor/Data/PlaybackEngines'
Cmd: initializeCompiler

Cmd: compileComputeKernel
  insize=3365 file=Packages/com.unity.barracuda/Barracuda/Runtime/Core/Resources/Barracuda/Conv2dBase.compute kernel=Conv2DKernelKxK_StrictC4StrictK16_T2x32_R8x8_NHWC ppOnly=0 stripLineD=0 buildPlatform=19 km=<CHANNELS_FIRST=0>,<BLOCK_SIZE=8>,<KERNEL_PER_TG=16>,<STRICT_CHANNELS=1>,<SUFFIX=KernelKxK_StrictC4StrictK16_T2x32_R>,<UNITY_VERSION=202239> pKW=UNITY_ENABLE_REFLECTION_BUFFERS UNITY_USE_DITHER_MASK_FOR_ALPHABLENDED_SHADOWS UNITY_PBS_USE_BRDF1 UNITY_SPECCUBE_BOX_PROJECTION UNITY_SPECCUBE_BLENDING UNITY_ENABLE_DETAIL_NORMALMAP SHADER_API_DESKTOP UNITY_LIGHT_PROBE_PROXY_VOLUME UNITY_LIGHTMAP_FULL_HDR uKW=SHADER_STAGE_COMPUTE platform=d3d11 flags=0 reqs=16385 forceDXC=0 forceFXC=0 ok=1 outsize=35277

Cmd: compileComputeKernel
  insize=3365 file=Packages/com.unity.barracuda/Barracuda/Runtime/Core/Resources/Barracuda/Conv2dBase.compute kernel=Conv2DKernelKxK_StrictC16LaxK64_T8x8_R8x8_NCHW ppOnly=0 stripLineD=0 buildPlatform=19 km=<CHANNELS_FIRST=1>,<BLOCK_SIZE=8>,<KERNEL_PER_TG=64>,<STRICT_CHANNELS=1>,<LAX_KERNEL=1>,<SUFFIX=KernelKxK_StrictC16LaxK64_T8x8_R>,<UNITY_VERSION=202239> pKW=UNITY_ENABLE_REFLECTION_BUFFERS UNITY_USE_DITHER_MASK_FOR_ALPHABLENDED_SHADOWS UNITY_PBS_USE_BRDF1 UNITY_SPECCUBE_BOX_PROJECTION UNITY_SPECCUBE_BLENDING UNITY_ENABLE_DETAIL_NORMALMAP SHADER_API_DESKTOP UNITY_LIGHT_PROBE_PROXY_VOLUME UNITY_LIGHTMAP_FULL_HDR uKW=SHADER_STAGE_COMPUTE platform=d3d11 flags=0 reqs=16385 forceDXC=0 forceFXC=0 ok=1 outsize=22278

Cmd: compileComputeKernel
  insize=3365 file=Packages/com.unity.barracuda/Barracuda/Runtime/Core/Resources/Barracuda/Conv2dBase.compute kernel=Conv2DKernelKxK_StrictC16LaxK64_T8x8_R8x8_NHWC ppOnly=0 stripLineD=0 buildPlatform=19 km=<CHANNELS_FIRST=0>,<BLOCK_SIZE=8>,<KERNEL_PER_TG=64>,<STRICT_CHANNELS=1>,<LAX_KERNEL=1>,<SUFFIX=KernelKxK_StrictC16LaxK64_T8x8_R>,<UNITY_VERSION=202239> pKW=UNITY_ENABLE_REFLECTION_BUFFERS UNITY_USE_DITHER_MASK_FOR_ALPHABLENDED_SHADOWS UNITY_PBS_USE_BRDF1 UNITY_SPECCUBE_BOX_PROJECTION UNITY_SPECCUBE_BLENDING UNITY_ENABLE_DETAIL_NORMALMAP SHADER_API_DESKTOP UNITY_LIGHT_PROBE_PROXY_VOLUME UNITY_LIGHTMAP_FULL_HDR uKW=SHADER_STAGE_COMPUTE platform=d3d11 flags=0 reqs=16385 forceDXC=0 forceFXC=0 ok=1 outsize=27650

Cmd: compileComputeKernel
  insize=3365 file=Packages/com.unity.barracuda/Barracuda/Runtime/Core/Resources/Barracuda/Conv2dBase.compute kernel=Conv2DKernelKxK_StrictC16StrictK64_T8x8_R8x8_NCHW ppOnly=0 stripLineD=0 buildPlatform=19 km=<CHANNELS_FIRST=1>,<BLOCK_SIZE=8>,<KERNEL_PER_TG=64>,<STRICT_CHANNELS=1>,<SUFFIX=KernelKxK_StrictC16StrictK64_T8x8_R>,<UNITY_VERSION=202239> pKW=UNITY_ENABLE_REFLECTION_BUFFERS UNITY_USE_DITHER_MASK_FOR_ALPHABLENDED_SHADOWS UNITY_PBS_USE_BRDF1 UNITY_SPECCUBE_BOX_PROJECTION UNITY_SPECCUBE_BLENDING UNITY_ENABLE_DETAIL_NORMALMAP SHADER_API_DESKTOP UNITY_LIGHT_PROBE_PROXY_VOLUME UNITY_LIGHTMAP_FULL_HDR uKW=SHADER_STAGE_COMPUTE platform=d3d11 flags=0 reqs=16385 forceDXC=0 forceFXC=0 ok=1 outsize=22201

Cmd: compileComputeKernel
  insize=3365 file=Packages/com.unity.barracuda/Barracuda/Runtime/Core/Resources/Barracuda/Conv2dBase.compute kernel=Conv2DKernelKxK_StrictC16StrictK64_T8x8_R8x8_NHWC ppOnly=0 stripLineD=0 buildPlatform=19 km=<CHANNELS_FIRST=0>,<BLOCK_SIZE=8>,<KERNEL_PER_TG=64>,<STRICT_CHANNELS=1>,<SUFFIX=KernelKxK_StrictC16StrictK64_T8x8_R>,<UNITY_VERSION=202239> pKW=UNITY_ENABLE_REFLECTION_BUFFERS UNITY_USE_DITHER_MASK_FOR_ALPHABLENDED_SHADOWS UNITY_PBS_USE_BRDF1 UNITY_SPECCUBE_BOX_PROJECTION UNITY_SPECCUBE_BLENDING UNITY_ENABLE_DETAIL_NORMALMAP SHADER_API_DESKTOP UNITY_LIGHT_PROBE_PROXY_VOLUME UNITY_LIGHTMAP_FULL_HDR uKW=SHADER_STAGE_COMPUTE platform=d3d11 flags=0 reqs=16385 forceDXC=0 forceFXC=0 ok=1 outsize=27265

Cmd: compileComputeKernel
  insize=76403 file=Packages/com.unity.barracuda/Barracuda/Runtime/Core/Resources/Barracuda/Dense.compute kernel=Dense_V_L1Cached64 ppOnly=0 stripLineD=0 buildPlatform=19 km=<UNITY_VERSION=202239> pKW=UNITY_ENABLE_REFLECTION_BUFFERS UNITY_USE_DITHER_MASK_FOR_ALPHABLENDED_SHADOWS UNITY_PBS_USE_BRDF1 UNITY_SPECCUBE_BOX_PROJECTION UNITY_SPECCUBE_BLENDING UNITY_ENABLE_DETAIL_NORMALMAP SHADER_API_DESKTOP UNITY_LIGHT_PROBE_PROXY_VOLUME UNITY_LIGHTMAP_FULL_HDR uKW=SHADER_STAGE_COMPUTE platform=d3d11 flags=0 reqs=16385 forceDXC=0 forceFXC=0 ok=1 outsize=14087

Cmd: compileComputeKernel
  insize=76403 file=Packages/com.unity.barracuda/Barracuda/Runtime/Core/Resources/Barracuda/Dense.compute kernel=MatMulPackB0Bias ppOnly=0 stripLineD=0 buildPlatform=19 km=<UNITY_VERSION=202239> pKW=UNITY_ENABLE_REFLECTION_BUFFERS UNITY_USE_DITHER_MASK_FOR_ALPHABLENDED_SHADOWS UNITY_PBS_USE_BRDF1 UNITY_SPECCUBE_BOX_PROJECTION UNITY_SPECCUBE_BLENDING UNITY_ENABLE_DETAIL_NORMALMAP SHADER_API_DESKTOP UNITY_LIGHT_PROBE_PROXY_VOLUME UNITY_LIGHTMAP_FULL_HDR uKW=SHADER_STAGE_COMPUTE platform=d3d11 flags=0 reqs=16385 forceDXC=0 forceFXC=0 ok=1 outsize=1091

Cmd: compileComputeKernel
  insize=76403 file=Packages/com.unity.barracuda/Barracuda/Runtime/Core/Resources/Barracuda/Dense.compute kernel=Dense_Tilled4x4_Cached ppOnly=0 stripLineD=0 buildPlatform=19 km=<FORCE_NO_DEBUG=1>,<UNITY_VERSION=202239> pKW=UNITY_ENABLE_REFLECTION_BUFFERS UNITY_USE_DITHER_MASK_FOR_ALPHABLENDED_SHADOWS UNITY_PBS_USE_BRDF1 UNITY_SPECCUBE_BOX_PROJECTION UNITY_SPECCUBE_BLENDING UNITY_ENABLE_DETAIL_NORMALMAP SHADER_API_DESKTOP UNITY_LIGHT_PROBE_PROXY_VOLUME UNITY_LIGHTMAP_FULL_HDR uKW=SHADER_STAGE_COMPUTE platform=d3d11 flags=0 reqs=16385 forceDXC=0 forceFXC=0 ok=1 outsize=11619

Cmd: compileComputeKernel
  insize=76403 file=Packages/com.unity.barracuda/Barracuda/Runtime/Core/Resources/Barracuda/Dense.compute kernel=Dense_Tilled2x2_Cached ppOnly=0 stripLineD=0 buildPlatform=19 km=<UNITY_VERSION=202239> pKW=UNITY_ENABLE_REFLECTION_BUFFERS UNITY_USE_DITHER_MASK_FOR_ALPHABLENDED_SHADOWS UNITY_PBS_USE_BRDF1 UNITY_SPECCUBE_BOX_PROJECTION UNITY_SPECCUBE_BLENDING UNITY_ENABLE_DETAIL_NORMALMAP SHADER_API_DESKTOP UNITY_LIGHT_PROBE_PROXY_VOLUME UNITY_LIGHTMAP_FULL_HDR uKW=SHADER_STAGE_COMPUTE platform=d3d11 flags=0 reqs=16385 forceDXC=0 forceFXC=0 ok=1 outsize=5671

Cmd: compileComputeKernel
  insize=76403 file=Packages/com.unity.barracuda/Barracuda/Runtime/Core/Resources/Barracuda/Dense.compute kernel=Dense_T16x16_R4x4 ppOnly=0 stripLineD=0 buildPlatform=19 km=<DENSE=1>,<BLOCK_SIZE=4>,<UNITY_VERSION=202239> pKW=UNITY_ENABLE_REFLECTION_BUFFERS UNITY_USE_DITHER_MASK_FOR_ALPHABLENDED_SHADOWS UNITY_PBS_USE_BRDF1 UNITY_SPECCUBE_BOX_PROJECTION UNITY_SPECCUBE_BLENDING UNITY_ENABLE_DETAIL_NORMALMAP SHADER_API_DESKTOP UNITY_LIGHT_PROBE_PROXY_VOLUME UNITY_LIGHTMAP_FULL_HDR uKW=SHADER_STAGE_COMPUTE platform=d3d11 flags=0 reqs=16385 forceDXC=0 forceFXC=0 ok=1 outsize=5761

Cmd: compileComputeKernel
  insize=76403 file=Packages/com.unity.barracuda/Barracuda/Runtime/Core/Resources/Barracuda/Dense.compute kernel=Dense_T8x8_R4x4 ppOnly=0 stripLineD=0 buildPlatform=19 km=<DENSE=1>,<BLOCK_SIZE=4>,<UNITY_VERSION=202239> pKW=UNITY_ENABLE_REFLECTION_BUFFERS UNITY_USE_DITHER_MASK_FOR_ALPHABLENDED_SHADOWS UNITY_PBS_USE_BRDF1 UNITY_SPECCUBE_BOX_PROJECTION UNITY_SPECCUBE_BLENDING UNITY_ENABLE_DETAIL_NORMALMAP SHADER_API_DESKTOP UNITY_LIGHT_PROBE_PROXY_VOLUME UNITY_LIGHTMAP_FULL_HDR uKW=SHADER_STAGE_COMPUTE platform=d3d11 flags=0 reqs=16385 forceDXC=0 forceFXC=0 ok=1 outsize=5035

Cmd: compileComputeKernel
  insize=76403 file=Packages/com.unity.barracuda/Barracuda/Runtime/Core/Resources/Barracuda/Dense.compute kernel=DenseTiled64x64 ppOnly=0 stripLineD=0 buildPlatform=19 km=<UNITY_VERSION=202239> pKW=UNITY_ENABLE_REFLECTION_BUFFERS UNITY_USE_DITHER_MASK_FOR_ALPHABLENDED_SHADOWS UNITY_PBS_USE_BRDF1 UNITY_SPECCUBE_BOX_PROJECTION UNITY_SPECCUBE_BLENDING UNITY_ENABLE_DETAIL_NORMALMAP SHADER_API_DESKTOP UNITY_LIGHT_PROBE_PROXY_VOLUME UNITY_LIGHTMAP_FULL_HDR uKW=SHADER_STAGE_COMPUTE platform=d3d11 flags=0 reqs=16385 forceDXC=0 forceFXC=0 ok=1 outsize=7908

Cmd: compileComputeKernel
  insize=76403 file=Packages/com.unity.barracuda/Barracuda/Runtime/Core/Resources/Barracuda/Dense.compute kernel=DenseTiled32x32 ppOnly=0 stripLineD=0 buildPlatform=19 km=<UNITY_VERSION=202239> pKW=UNITY_ENABLE_REFLECTION_BUFFERS UNITY_USE_DITHER_MASK_FOR_ALPHABLENDED_SHADOWS UNITY_PBS_USE_BRDF1 UNITY_SPECCUBE_BOX_PROJECTION UNITY_SPECCUBE_BLENDING UNITY_ENABLE_DETAIL_NORMALMAP SHADER_API_DESKTOP UNITY_LIGHT_PROBE_PROXY_VOLUME UNITY_LIGHTMAP_FULL_HDR uKW=SHADER_STAGE_COMPUTE platform=d3d11 flags=0 reqs=16385 forceDXC=0 forceFXC=0 ok=1 outsize=7788

Cmd: compileComputeKernel
  insize=76403 file=Packages/com.unity.barracuda/Barracuda/Runtime/Core/Resources/Barracuda/Dense.compute kernel=DenseTiled16x16 ppOnly=0 stripLineD=0 buildPlatform=19 km=<UNITY_VERSION=202239> pKW=UNITY_ENABLE_REFLECTION_BUFFERS UNITY_USE_DITHER_MASK_FOR_ALPHABLENDED_SHADOWS UNITY_PBS_USE_BRDF1 UNITY_SPECCUBE_BOX_PROJECTION UNITY_SPECCUBE_BLENDING UNITY_ENABLE_DETAIL_NORMALMAP SHADER_API_DESKTOP UNITY_LIGHT_PROBE_PROXY_VOLUME UNITY_LIGHTMAP_FULL_HDR uKW=SHADER_STAGE_COMPUTE platform=d3d11 flags=0 reqs=16385 forceDXC=0 forceFXC=0 ok=1 outsize=2776

Cmd: compileComputeKernel
  insize=76403 file=Packages/com.unity.barracuda/Barracuda/Runtime/Core/Resources/Barracuda/Dense.compute kernel=Dense_L1Cached64 ppOnly=0 stripLineD=0 buildPlatform=19 km=<UNITY_VERSION=202239> pKW=UNITY_ENABLE_REFLECTION_BUFFERS UNITY_USE_DITHER_MASK_FOR_ALPHABLENDED_SHADOWS UNITY_PBS_USE_BRDF1 UNITY_SPECCUBE_BOX_PROJECTION UNITY_SPECCUBE_BLENDING UNITY_ENABLE_DETAIL_NORMALMAP SHADER_API_DESKTOP UNITY_LIGHT_PROBE_PROXY_VOLUME UNITY_LIGHTMAP_FULL_HDR uKW=SHADER_STAGE_COMPUTE platform=d3d11 flags=0 reqs=16385 forceDXC=0 forceFXC=0 ok=1 outsize=12720

Cmd: shutdown
